upload::total - 0.7073302268981934 - 1686083591.7877805 - 1686083592.4951108
upload::metaCreation - 0.003966093063354492 - 1686083591.7877808 - 1686083591.7917469
upload::fileRead::0a38d492-4a5e-4b37-b284-3801a4729592 - 0.0003521442413330078 - 1686083591.7918231 - 1686083591.7921753
upload::fileRead::346e0be2-a4ff-475e-b4d4-c5e6359b62eb - 0.0003960132598876953 - 1686083591.9353876 - 1686083591.9357836
upload::fileRead::65f7c217-5982-449e-8b06-92d4aab680db - 0.00013780593872070312 - 1686083592.0787213 - 1686083592.078859
upload::fileRead::9a9ca267-334c-41ec-be37-9f37fe55ca7f - 0.00016307830810546875 - 1686083592.215183 - 1686083592.215346
upload::fileRead::e9d3b5dc-02cb-41b7-a755-d3e77f0f3403 - 0.00014972686767578125 - 1686083592.3509226 - 1686083592.3510723
upload::encryption::0a38d492-4a5e-4b37-b284-3801a4729592 - 0.028197288513183594 - 1686083591.7921755 - 1686083591.8203728
upload::encryption::346e0be2-a4ff-475e-b4d4-c5e6359b62eb - 0.03247380256652832 - 1686083591.935784 - 1686083591.968258
upload::encryption::65f7c217-5982-449e-8b06-92d4aab680db - 0.029451370239257812 - 1686083592.0788593 - 1686083592.1083107
upload::encryption::9a9ca267-334c-41ec-be37-9f37fe55ca7f - 0.025757551193237305 - 1686083592.215346 - 1686083592.2411036
upload::encryption::e9d3b5dc-02cb-41b7-a755-d3e77f0f3403 - 0.029855966567993164 - 1686083592.3510725 - 1686083592.3809285
upload::hash::0a38d492-4a5e-4b37-b284-3801a4729592 - 0.002657651901245117 - 1686083591.8203735 - 1686083591.8230312
upload::hash::346e0be2-a4ff-475e-b4d4-c5e6359b62eb - 0.002646923065185547 - 1686083591.9682589 - 1686083591.9709058
upload::hash::65f7c217-5982-449e-8b06-92d4aab680db - 0.0026443004608154297 - 1686083592.1083117 - 1686083592.110956
upload::hash::9a9ca267-334c-41ec-be37-9f37fe55ca7f - 0.0026557445526123047 - 1686083592.2411044 - 1686083592.24376
upload::hash::e9d3b5dc-02cb-41b7-a755-d3e77f0f3403 - 0.0026886463165283203 - 1686083592.3809311 - 1686083592.3836198
upload::opSignatureGen::0a38d492-4a5e-4b37-b284-3801a4729592 - 0.005623340606689453 - 1686083591.8230317 - 1686083591.828655
upload::opSignatureGen::346e0be2-a4ff-475e-b4d4-c5e6359b62eb - 0.005959987640380859 - 1686083591.970906 - 1686083591.976866
upload::opSignatureGen::65f7c217-5982-449e-8b06-92d4aab680db - 0.00623631477355957 - 1686083592.1109562 - 1686083592.1171925
upload::opSignatureGen::9a9ca267-334c-41ec-be37-9f37fe55ca7f - 0.00614476203918457 - 1686083592.2437603 - 1686083592.249905
upload::opSignatureGen::e9d3b5dc-02cb-41b7-a755-d3e77f0f3403 - 0.005900144577026367 - 1686083592.3836205 - 1686083592.3895206
upload::uploadOpSigVerification::0a38d492-4a5e-4b37-b284-3801a4729592 - 0.0011034011840820312 - 1686083591.8286557 - 1686083591.8297591
upload::uploadOpSigVerification::346e0be2-a4ff-475e-b4d4-c5e6359b62eb - 0.0011372566223144531 - 1686083591.9768665 - 1686083591.9780037
upload::uploadOpSigVerification::65f7c217-5982-449e-8b06-92d4aab680db - 0.0010128021240234375 - 1686083592.117193 - 1686083592.1182058
upload::uploadOpSigVerification::9a9ca267-334c-41ec-be37-9f37fe55ca7f - 0.0012018680572509766 - 1686083592.2499053 - 1686083592.2511072
upload::uploadOpSigVerification::e9d3b5dc-02cb-41b7-a755-d3e77f0f3403 - 0.001020193099975586 - 1686083592.3895211 - 1686083592.3905413
upload::upload::0a38d492-4a5e-4b37-b284-3801a4729592 - 0.04534435272216797 - 1686083591.8297596 - 1686083591.875104
upload::upload::346e0be2-a4ff-475e-b4d4-c5e6359b62eb - 0.04106903076171875 - 1686083591.9780042 - 1686083592.0190732
upload::upload::65f7c217-5982-449e-8b06-92d4aab680db - 0.040854692459106445 - 1686083592.118206 - 1686083592.1590607
upload::upload::9a9ca267-334c-41ec-be37-9f37fe55ca7f - 0.043946266174316406 - 1686083592.251108 - 1686083592.2950542
upload::upload::e9d3b5dc-02cb-41b7-a755-d3e77f0f3403 - 0.04855847358703613 - 1686083592.3905418 - 1686083592.4391003
upload::taStateUpdate::0a38d492-4a5e-4b37-b284-3801a4729592 - 0.06028127670288086 - 1686083591.8751054 - 1686083591.9353867
upload::taStateUpdate::346e0be2-a4ff-475e-b4d4-c5e6359b62eb - 0.05964517593383789 - 1686083592.0190747 - 1686083592.0787199
upload::taStateUpdate::65f7c217-5982-449e-8b06-92d4aab680db - 0.05611872673034668 - 1686083592.1590629 - 1686083592.2151816
upload::taStateUpdate::9a9ca267-334c-41ec-be37-9f37fe55ca7f - 0.055864810943603516 - 1686083592.295056 - 1686083592.350921
upload::taStateUpdate::e9d3b5dc-02cb-41b7-a755-d3e77f0f3403 - 0.05599188804626465 - 1686083592.4391022 - 1686083592.495094
download::total - 0.5995175838470459 - 1686083592.4952486 - 1686083593.0947661
download::fileMetaFetch - 0.04548954963684082 - 1686083592.4952495 - 1686083592.540739
download::chunkDownload::0a38d492-4a5e-4b37-b284-3801a4729592 - 0.009283781051635742 - 1686083592.5902007 - 1686083592.5994844
download::chunkDownload::346e0be2-a4ff-475e-b4d4-c5e6359b62eb - 0.007027864456176758 - 1686083592.6918895 - 1686083592.6989174
download::chunkDownload::65f7c217-5982-449e-8b06-92d4aab680db - 0.007376194000244141 - 1686083592.7875376 - 1686083592.7949138
download::chunkDownload::9a9ca267-334c-41ec-be37-9f37fe55ca7f - 0.011409521102905273 - 1686083592.8870564 - 1686083592.8984659
download::chunkDownload::e9d3b5dc-02cb-41b7-a755-d3e77f0f3403 - 0.007569074630737305 - 1686083592.9925458 - 1686083593.000115
download::taStateUpdate::0a38d492-4a5e-4b37-b284-3801a4729592 - 0.0571138858795166 - 1686083592.5994856 - 1686083592.6565995
download::taStateUpdate::346e0be2-a4ff-475e-b4d4-c5e6359b62eb - 0.05753684043884277 - 1686083592.6989179 - 1686083592.7564547
download::taStateUpdate::65f7c217-5982-449e-8b06-92d4aab680db - 0.05309629440307617 - 1686083592.7949145 - 1686083592.8480108
download::taStateUpdate::9a9ca267-334c-41ec-be37-9f37fe55ca7f - 0.059174299240112305 - 1686083592.8984666 - 1686083592.957641
download::taStateUpdate::e9d3b5dc-02cb-41b7-a755-d3e77f0f3403 - 0.05678057670593262 - 1686083593.000116 - 1686083593.0568967
download::chunkDecryption::0a38d492-4a5e-4b37-b284-3801a4729592 - 0.03492164611816406 - 1686083592.6566005 - 1686083592.6915221
download::chunkDecryption::346e0be2-a4ff-475e-b4d4-c5e6359b62eb - 0.030690670013427734 - 1686083592.7564554 - 1686083592.787146
download::chunkDecryption::65f7c217-5982-449e-8b06-92d4aab680db - 0.03865385055541992 - 1686083592.8480117 - 1686083592.8866656
download::chunkDecryption::9a9ca267-334c-41ec-be37-9f37fe55ca7f - 0.03460335731506348 - 1686083592.957642 - 1686083592.9922454
download::chunkDecryption::e9d3b5dc-02cb-41b7-a755-d3e77f0f3403 - 0.037435293197631836 - 1686083593.0568984 - 1686083593.0943336
download::fileWrite::0a38d492-4a5e-4b37-b284-3801a4729592 - 0.00036525726318359375 - 1686083592.691523 - 1686083592.6918883
download::fileWrite::346e0be2-a4ff-475e-b4d4-c5e6359b62eb - 0.00038814544677734375 - 1686083592.787148 - 1686083592.7875361
download::fileWrite::65f7c217-5982-449e-8b06-92d4aab680db - 0.0003883838653564453 - 1686083592.8866668 - 1686083592.8870552
download::fileWrite::9a9ca267-334c-41ec-be37-9f37fe55ca7f - 0.00029730796813964844 - 1686083592.9922473 - 1686083592.9925447
download::fileWrite::e9d3b5dc-02cb-41b7-a755-d3e77f0f3403 - 0.0004146099090576172 - 1686083593.0943363 - 1686083593.094751
